Analysis & Synthesis report for Lab_4
Fri Aug 26 19:06:23 2022
Quartus Prime Version 20.1.1 Build 720 11/11/2020 SJ Lite Edition


---------------------
; Table of Contents ;
---------------------
  1. Legal Notice
  2. Analysis & Synthesis Summary
  3. Analysis & Synthesis Settings
  4. Parallel Compilation
  5. Analysis & Synthesis Source Files Read
  6. Analysis & Synthesis Resource Usage Summary
  7. Analysis & Synthesis Resource Utilization by Entity
  8. General Register Statistics
  9. Port Connectivity Checks: "BCD_Sub:add_instance|Add_Sub:Box4"
 10. Port Connectivity Checks: "BCD_Sub:add_instance|Add_Sub:Box3"
 11. Port Connectivity Checks: "BCD_Sub:add_instance|Add_Sub:Box2"
 12. Port Connectivity Checks: "BCD_Sub:add_instance|Add_Sub:Box1"
 13. Post-Synthesis Netlist Statistics for Top Partition
 14. Elapsed Time Per Partition
 15. Analysis & Synthesis Messages



----------------
; Legal Notice ;
----------------
Copyright (C) 2020  Intel Corporation. All rights reserved.
Your use of Intel Corporation's design tools, logic functions 
and other software and tools, and any partner logic 
functions, and any output files from any of the foregoing 
(including device programming or simulation files), and any 
associated documentation or information are expressly subject 
to the terms and conditions of the Intel Program License 
Subscription Agreement, the Intel Quartus Prime License Agreement,
the Intel FPGA IP License Agreement, or other applicable license
agreement, including, without limitation, that your use is for
the sole purpose of programming logic devices manufactured by
Intel and sold by Intel or its authorized distributors.  Please
refer to the applicable agreement for further details, at
https://fpgasoftware.intel.com/eula.



+----------------------------------------------------------------------------------+
; Analysis & Synthesis Summary                                                     ;
+------------------------------------+---------------------------------------------+
; Analysis & Synthesis Status        ; Successful - Fri Aug 26 19:06:23 2022       ;
; Quartus Prime Version              ; 20.1.1 Build 720 11/11/2020 SJ Lite Edition ;
; Revision Name                      ; Lab_4                                       ;
; Top-level Entity Name              ; DUT                                         ;
; Family                             ; MAX 10                                      ;
; Total logic elements               ; 17                                          ;
;     Total combinational functions  ; 17                                          ;
;     Dedicated logic registers      ; 0                                           ;
; Total registers                    ; 0                                           ;
; Total pins                         ; 13                                          ;
; Total virtual pins                 ; 0                                           ;
; Total memory bits                  ; 0                                           ;
; Embedded Multiplier 9-bit elements ; 0                                           ;
; Total PLLs                         ; 0                                           ;
; UFM blocks                         ; 0                                           ;
; ADC blocks                         ; 0                                           ;
+------------------------------------+---------------------------------------------+


+------------------------------------------------------------------------------------------------------------+
; Analysis & Synthesis Settings                                                                              ;
+------------------------------------------------------------------+--------------------+--------------------+
; Option                                                           ; Setting            ; Default Value      ;
+------------------------------------------------------------------+--------------------+--------------------+
; Device                                                           ; 10M25SAE144C8G     ;                    ;
; Top-level entity name                                            ; DUT                ; Lab_4              ;
; Family name                                                      ; MAX 10             ; Cyclone V          ;
; Use smart compilation                                            ; Off                ; Off                ;
; Enable parallel Assembler and Timing Analyzer during compilation ; On                 ; On                 ;
; Enable compact report table                                      ; Off                ; Off                ;
; Restructure Multiplexers                                         ; Auto               ; Auto               ;
; Create Debugging Nodes for IP Cores                              ; Off                ; Off                ;
; Preserve fewer node names                                        ; On                 ; On                 ;
; Intel FPGA IP Evaluation Mode                                    ; Enable             ; Enable             ;
; Verilog Version                                                  ; Verilog_2001       ; Verilog_2001       ;
; VHDL Version                                                     ; VHDL_1993          ; VHDL_1993          ;
; State Machine Processing                                         ; Auto               ; Auto               ;
; Safe State Machine                                               ; Off                ; Off                ;
; Extract Verilog State Machines                                   ; On                 ; On                 ;
; Extract VHDL State Machines                                      ; On                 ; On                 ;
; Ignore Verilog initial constructs                                ; Off                ; Off                ;
; Iteration limit for constant Verilog loops                       ; 5000               ; 5000               ;
; Iteration limit for non-constant Verilog loops                   ; 250                ; 250                ;
; Add Pass-Through Logic to Inferred RAMs                          ; On                 ; On                 ;
; Infer RAMs from Raw Logic                                        ; On                 ; On                 ;
; Parallel Synthesis                                               ; On                 ; On                 ;
; DSP Block Balancing                                              ; Auto               ; Auto               ;
; NOT Gate Push-Back                                               ; On                 ; On                 ;
; Power-Up Don't Care                                              ; On                 ; On                 ;
; Remove Redundant Logic Cells                                     ; Off                ; Off                ;
; Remove Duplicate Registers                                       ; On                 ; On                 ;
; Ignore CARRY Buffers                                             ; Off                ; Off                ;
; Ignore CASCADE Buffers                                           ; Off                ; Off                ;
; Ignore GLOBAL Buffers                                            ; Off                ; Off                ;
; Ignore ROW GLOBAL Buffers                                        ; Off                ; Off                ;
; Ignore LCELL Buffers                                             ; Off                ; Off                ;
; Ignore SOFT Buffers                                              ; On                 ; On                 ;
; Limit AHDL Integers to 32 Bits                                   ; Off                ; Off                ;
; Optimization Technique                                           ; Balanced           ; Balanced           ;
; Carry Chain Length                                               ; 70                 ; 70                 ;
; Auto Carry Chains                                                ; On                 ; On                 ;
; Auto Open-Drain Pins                                             ; On                 ; On                 ;
; Perform WYSIWYG Primitive Resynthesis                            ; Off                ; Off                ;
; Auto ROM Replacement                                             ; On                 ; On                 ;
; Auto RAM Replacement                                             ; On                 ; On                 ;
; Auto DSP Block Replacement                                       ; On                 ; On                 ;
; Auto Shift Register Replacement                                  ; Auto               ; Auto               ;
; Allow Shift Register Merging across Hierarchies                  ; Auto               ; Auto               ;
; Auto Clock Enable Replacement                                    ; On                 ; On                 ;
; Strict RAM Replacement                                           ; Off                ; Off                ;
; Allow Synchronous Control Signals                                ; On                 ; On                 ;
; Force Use of Synchronous Clear Signals                           ; Off                ; Off                ;
; Auto RAM Block Balancing                                         ; On                 ; On                 ;
; Auto RAM to Logic Cell Conversion                                ; Off                ; Off                ;
; Auto Resource Sharing                                            ; Off                ; Off                ;
; Allow Any RAM Size For Recognition                               ; Off                ; Off                ;
; Allow Any ROM Size For Recognition                               ; Off                ; Off                ;
; Allow Any Shift Register Size For Recognition                    ; Off                ; Off                ;
; Use LogicLock Constraints during Resource Balancing              ; On                 ; On                 ;
; Ignore translate_off and synthesis_off directives                ; Off                ; Off                ;
; Timing-Driven Synthesis                                          ; On                 ; On                 ;
; Report Parameter Settings                                        ; On                 ; On                 ;
; Report Source Assignments                                        ; On                 ; On                 ;
; Report Connectivity Checks                                       ; On                 ; On                 ;
; Ignore Maximum Fan-Out Assignments                               ; Off                ; Off                ;
; Synchronization Register Chain Length                            ; 2                  ; 2                  ;
; Power Optimization During Synthesis                              ; Normal compilation ; Normal compilation ;
; HDL message level                                                ; Level2             ; Level2             ;
; Suppress Register Optimization Related Messages                  ; Off                ; Off                ;
; Number of Removed Registers Reported in Synthesis Report         ; 5000               ; 5000               ;
; Number of Swept Nodes Reported in Synthesis Report               ; 5000               ; 5000               ;
; Number of Inverted Registers Reported in Synthesis Report        ; 100                ; 100                ;
; Clock MUX Protection                                             ; On                 ; On                 ;
; Auto Gated Clock Conversion                                      ; Off                ; Off                ;
; Block Design Naming                                              ; Auto               ; Auto               ;
; SDC constraint protection                                        ; Off                ; Off                ;
; Synthesis Effort                                                 ; Auto               ; Auto               ;
; Shift Register Replacement - Allow Asynchronous Clear Signal     ; On                 ; On                 ;
; Pre-Mapping Resynthesis Optimization                             ; Off                ; Off                ;
; Analysis & Synthesis Message Level                               ; Medium             ; Medium             ;
; Disable Register Merging Across Hierarchies                      ; Auto               ; Auto               ;
; Resource Aware Inference For Block RAM                           ; On                 ; On                 ;
+------------------------------------------------------------------+--------------------+--------------------+


+------------------------------------------+
; Parallel Compilation                     ;
+----------------------------+-------------+
; Processors                 ; Number      ;
+----------------------------+-------------+
; Number detected on machine ; 8           ;
; Maximum allowed            ; 4           ;
;                            ;             ;
; Average used               ; 1.00        ;
; Maximum used               ; 1           ;
;                            ;             ;
; Usage by Processor         ; % Time Used ;
;     Processor 1            ; 100.0%      ;
+----------------------------+-------------+


+------------------------------------------------------------------------------------------------------------------------------------------+
; Analysis & Synthesis Source Files Read                                                                                                   ;
+----------------------------------+-----------------+-----------------+---------------------------------------------------------+---------+
; File Name with User-Entered Path ; Used in Netlist ; File Type       ; File Name with Absolute Path                            ; Library ;
+----------------------------------+-----------------+-----------------+---------------------------------------------------------+---------+
; Full_add.vhdl                    ; yes             ; User VHDL File  ; D:/ACADEMICS/EE214/Quartus/Projects/Lab_4/Full_add.vhdl ;         ;
; Add_Sub.vhd                      ; yes             ; User VHDL File  ; D:/ACADEMICS/EE214/Quartus/Projects/Lab_4/Add_Sub.vhd   ;         ;
; Gates.vhdl                       ; yes             ; User VHDL File  ; D:/ACADEMICS/EE214/Quartus/Projects/Lab_4/Gates.vhdl    ;         ;
; DUT.vhdl                         ; yes             ; User VHDL File  ; D:/ACADEMICS/EE214/Quartus/Projects/Lab_4/DUT.vhdl      ;         ;
; Lab_4.vhd                        ; yes             ; User VHDL File  ; D:/ACADEMICS/EE214/Quartus/Projects/Lab_4/Lab_4.vhd     ;         ;
+----------------------------------+-----------------+-----------------+---------------------------------------------------------+---------+


+----------------------------------------------------------------------------------------------------------------------------+
; Analysis & Synthesis Resource Usage Summary                                                                                ;
+---------------------------------------------+------------------------------------------------------------------------------+
; Resource                                    ; Usage                                                                        ;
+---------------------------------------------+------------------------------------------------------------------------------+
; Estimated Total logic elements              ; 17                                                                           ;
;                                             ;                                                                              ;
; Total combinational functions               ; 17                                                                           ;
; Logic element usage by number of LUT inputs ;                                                                              ;
;     -- 4 input functions                    ; 13                                                                           ;
;     -- 3 input functions                    ; 1                                                                            ;
;     -- <=2 input functions                  ; 3                                                                            ;
;                                             ;                                                                              ;
; Logic elements by mode                      ;                                                                              ;
;     -- normal mode                          ; 17                                                                           ;
;     -- arithmetic mode                      ; 0                                                                            ;
;                                             ;                                                                              ;
; Total registers                             ; 0                                                                            ;
;     -- Dedicated logic registers            ; 0                                                                            ;
;     -- I/O registers                        ; 0                                                                            ;
;                                             ;                                                                              ;
; I/O pins                                    ; 13                                                                           ;
;                                             ;                                                                              ;
; Embedded Multiplier 9-bit elements          ; 0                                                                            ;
;                                             ;                                                                              ;
; Maximum fan-out node                        ; BCD_Sub:add_instance|Add_Sub:Box2|fulladder:FA1|halfadder:half2|XOR_2:xor1|Y ;
; Maximum fan-out                             ; 6                                                                            ;
; Total fan-out                               ; 79                                                                           ;
; Average fan-out                             ; 1.84                                                                         ;
+---------------------------------------------+------------------------------------------------------------------------------+


+---------------------------------------------------------------------------------------------------------------------------------------------------------------------------------------------------------------------------------------------------------------------------------------------------+
; Analysis & Synthesis Resource Utilization by Entity                                                                                                                                                                                                                                               ;
+-------------------------------+---------------------+---------------------------+-------------+------------+--------------+---------+-----------+------+--------------+------------+---------------------------------------------------------------------------------+-------------+--------------+
; Compilation Hierarchy Node    ; Combinational ALUTs ; Dedicated Logic Registers ; Memory Bits ; UFM Blocks ; DSP Elements ; DSP 9x9 ; DSP 18x18 ; Pins ; Virtual Pins ; ADC blocks ; Full Hierarchy Name                                                             ; Entity Name ; Library Name ;
+-------------------------------+---------------------+---------------------------+-------------+------------+--------------+---------+-----------+------+--------------+------------+---------------------------------------------------------------------------------+-------------+--------------+
; |DUT                          ; 17 (0)              ; 0 (0)                     ; 0           ; 0          ; 0            ; 0       ; 0         ; 13   ; 0            ; 0          ; |DUT                                                                            ; DUT         ; work         ;
;    |BCD_Sub:add_instance|     ; 17 (0)              ; 0 (0)                     ; 0           ; 0          ; 0            ; 0       ; 0         ; 0    ; 0            ; 0          ; |DUT|BCD_Sub:add_instance                                                       ; BCD_Sub     ; work         ;
;       |Add_Sub:Box1|          ; 2 (0)               ; 0 (0)                     ; 0           ; 0          ; 0            ; 0       ; 0         ; 0    ; 0            ; 0          ; |DUT|BCD_Sub:add_instance|Add_Sub:Box1                                          ; Add_Sub     ; work         ;
;          |fulladder:FA1|      ; 1 (0)               ; 0 (0)                     ; 0           ; 0          ; 0            ; 0       ; 0         ; 0    ; 0            ; 0          ; |DUT|BCD_Sub:add_instance|Add_Sub:Box1|fulladder:FA1                            ; fulladder   ; work         ;
;             |OR_2:or1|        ; 1 (1)               ; 0 (0)                     ; 0           ; 0          ; 0            ; 0       ; 0         ; 0    ; 0            ; 0          ; |DUT|BCD_Sub:add_instance|Add_Sub:Box1|fulladder:FA1|OR_2:or1                   ; OR_2        ; work         ;
;          |fulladder:FA2|      ; 1 (0)               ; 0 (0)                     ; 0           ; 0          ; 0            ; 0       ; 0         ; 0    ; 0            ; 0          ; |DUT|BCD_Sub:add_instance|Add_Sub:Box1|fulladder:FA2                            ; fulladder   ; work         ;
;             |halfadder:half2| ; 1 (0)               ; 0 (0)                     ; 0           ; 0          ; 0            ; 0       ; 0         ; 0    ; 0            ; 0          ; |DUT|BCD_Sub:add_instance|Add_Sub:Box1|fulladder:FA2|halfadder:half2            ; halfadder   ; work         ;
;                |AND_2:and1|   ; 1 (1)               ; 0 (0)                     ; 0           ; 0          ; 0            ; 0       ; 0         ; 0    ; 0            ; 0          ; |DUT|BCD_Sub:add_instance|Add_Sub:Box1|fulladder:FA2|halfadder:half2|AND_2:and1 ; AND_2       ; work         ;
;       |Add_Sub:Box2|          ; 6 (0)               ; 0 (0)                     ; 0           ; 0          ; 0            ; 0       ; 0         ; 0    ; 0            ; 0          ; |DUT|BCD_Sub:add_instance|Add_Sub:Box2                                          ; Add_Sub     ; work         ;
;          |fulladder:FA1|      ; 2 (0)               ; 0 (0)                     ; 0           ; 0          ; 0            ; 0       ; 0         ; 0    ; 0            ; 0          ; |DUT|BCD_Sub:add_instance|Add_Sub:Box2|fulladder:FA1                            ; fulladder   ; work         ;
;             |OR_2:or1|        ; 1 (1)               ; 0 (0)                     ; 0           ; 0          ; 0            ; 0       ; 0         ; 0    ; 0            ; 0          ; |DUT|BCD_Sub:add_instance|Add_Sub:Box2|fulladder:FA1|OR_2:or1                   ; OR_2        ; work         ;
;             |halfadder:half2| ; 1 (0)               ; 0 (0)                     ; 0           ; 0          ; 0            ; 0       ; 0         ; 0    ; 0            ; 0          ; |DUT|BCD_Sub:add_instance|Add_Sub:Box2|fulladder:FA1|halfadder:half2            ; halfadder   ; work         ;
;                |XOR_2:xor1|   ; 1 (1)               ; 0 (0)                     ; 0           ; 0          ; 0            ; 0       ; 0         ; 0    ; 0            ; 0          ; |DUT|BCD_Sub:add_instance|Add_Sub:Box2|fulladder:FA1|halfadder:half2|XOR_2:xor1 ; XOR_2       ; work         ;
;          |fulladder:FA2|      ; 2 (0)               ; 0 (0)                     ; 0           ; 0          ; 0            ; 0       ; 0         ; 0    ; 0            ; 0          ; |DUT|BCD_Sub:add_instance|Add_Sub:Box2|fulladder:FA2                            ; fulladder   ; work         ;
;             |OR_2:or1|        ; 1 (1)               ; 0 (0)                     ; 0           ; 0          ; 0            ; 0       ; 0         ; 0    ; 0            ; 0          ; |DUT|BCD_Sub:add_instance|Add_Sub:Box2|fulladder:FA2|OR_2:or1                   ; OR_2        ; work         ;
;             |halfadder:half2| ; 1 (0)               ; 0 (0)                     ; 0           ; 0          ; 0            ; 0       ; 0         ; 0    ; 0            ; 0          ; |DUT|BCD_Sub:add_instance|Add_Sub:Box2|fulladder:FA2|halfadder:half2            ; halfadder   ; work         ;
;                |XOR_2:xor1|   ; 1 (1)               ; 0 (0)                     ; 0           ; 0          ; 0            ; 0       ; 0         ; 0    ; 0            ; 0          ; |DUT|BCD_Sub:add_instance|Add_Sub:Box2|fulladder:FA2|halfadder:half2|XOR_2:xor1 ; XOR_2       ; work         ;
;          |fulladder:FA3|      ; 2 (0)               ; 0 (0)                     ; 0           ; 0          ; 0            ; 0       ; 0         ; 0    ; 0            ; 0          ; |DUT|BCD_Sub:add_instance|Add_Sub:Box2|fulladder:FA3                            ; fulladder   ; work         ;
;             |OR_2:or1|        ; 1 (1)               ; 0 (0)                     ; 0           ; 0          ; 0            ; 0       ; 0         ; 0    ; 0            ; 0          ; |DUT|BCD_Sub:add_instance|Add_Sub:Box2|fulladder:FA3|OR_2:or1                   ; OR_2        ; work         ;
;             |halfadder:half2| ; 1 (0)               ; 0 (0)                     ; 0           ; 0          ; 0            ; 0       ; 0         ; 0    ; 0            ; 0          ; |DUT|BCD_Sub:add_instance|Add_Sub:Box2|fulladder:FA3|halfadder:half2            ; halfadder   ; work         ;
;                |XOR_2:xor1|   ; 1 (1)               ; 0 (0)                     ; 0           ; 0          ; 0            ; 0       ; 0         ; 0    ; 0            ; 0          ; |DUT|BCD_Sub:add_instance|Add_Sub:Box2|fulladder:FA3|halfadder:half2|XOR_2:xor1 ; XOR_2       ; work         ;
;       |Add_Sub:Box4|          ; 8 (0)               ; 0 (0)                     ; 0           ; 0          ; 0            ; 0       ; 0         ; 0    ; 0            ; 0          ; |DUT|BCD_Sub:add_instance|Add_Sub:Box4                                          ; Add_Sub     ; work         ;
;          |XOR_2:XOR0|         ; 1 (1)               ; 0 (0)                     ; 0           ; 0          ; 0            ; 0       ; 0         ; 0    ; 0            ; 0          ; |DUT|BCD_Sub:add_instance|Add_Sub:Box4|XOR_2:XOR0                               ; XOR_2       ; work         ;
;          |XOR_2:XOR2|         ; 1 (1)               ; 0 (0)                     ; 0           ; 0          ; 0            ; 0       ; 0         ; 0    ; 0            ; 0          ; |DUT|BCD_Sub:add_instance|Add_Sub:Box4|XOR_2:XOR2                               ; XOR_2       ; work         ;
;          |fulladder:FA1|      ; 1 (0)               ; 0 (0)                     ; 0           ; 0          ; 0            ; 0       ; 0         ; 0    ; 0            ; 0          ; |DUT|BCD_Sub:add_instance|Add_Sub:Box4|fulladder:FA1                            ; fulladder   ; work         ;
;             |halfadder:half2| ; 1 (0)               ; 0 (0)                     ; 0           ; 0          ; 0            ; 0       ; 0         ; 0    ; 0            ; 0          ; |DUT|BCD_Sub:add_instance|Add_Sub:Box4|fulladder:FA1|halfadder:half2            ; halfadder   ; work         ;
;                |XOR_2:xor1|   ; 1 (1)               ; 0 (0)                     ; 0           ; 0          ; 0            ; 0       ; 0         ; 0    ; 0            ; 0          ; |DUT|BCD_Sub:add_instance|Add_Sub:Box4|fulladder:FA1|halfadder:half2|XOR_2:xor1 ; XOR_2       ; work         ;
;          |fulladder:FA2|      ; 2 (0)               ; 0 (0)                     ; 0           ; 0          ; 0            ; 0       ; 0         ; 0    ; 0            ; 0          ; |DUT|BCD_Sub:add_instance|Add_Sub:Box4|fulladder:FA2                            ; fulladder   ; work         ;
;             |halfadder:half2| ; 2 (0)               ; 0 (0)                     ; 0           ; 0          ; 0            ; 0       ; 0         ; 0    ; 0            ; 0          ; |DUT|BCD_Sub:add_instance|Add_Sub:Box4|fulladder:FA2|halfadder:half2            ; halfadder   ; work         ;
;                |AND_2:and1|   ; 1 (1)               ; 0 (0)                     ; 0           ; 0          ; 0            ; 0       ; 0         ; 0    ; 0            ; 0          ; |DUT|BCD_Sub:add_instance|Add_Sub:Box4|fulladder:FA2|halfadder:half2|AND_2:and1 ; AND_2       ; work         ;
;                |XOR_2:xor1|   ; 1 (1)               ; 0 (0)                     ; 0           ; 0          ; 0            ; 0       ; 0         ; 0    ; 0            ; 0          ; |DUT|BCD_Sub:add_instance|Add_Sub:Box4|fulladder:FA2|halfadder:half2|XOR_2:xor1 ; XOR_2       ; work         ;
;          |fulladder:FA3|      ; 3 (0)               ; 0 (0)                     ; 0           ; 0          ; 0            ; 0       ; 0         ; 0    ; 0            ; 0          ; |DUT|BCD_Sub:add_instance|Add_Sub:Box4|fulladder:FA3                            ; fulladder   ; work         ;
;             |OR_2:or1|        ; 1 (1)               ; 0 (0)                     ; 0           ; 0          ; 0            ; 0       ; 0         ; 0    ; 0            ; 0          ; |DUT|BCD_Sub:add_instance|Add_Sub:Box4|fulladder:FA3|OR_2:or1                   ; OR_2        ; work         ;
;             |halfadder:half1| ; 1 (0)               ; 0 (0)                     ; 0           ; 0          ; 0            ; 0       ; 0         ; 0    ; 0            ; 0          ; |DUT|BCD_Sub:add_instance|Add_Sub:Box4|fulladder:FA3|halfadder:half1            ; halfadder   ; work         ;
;                |XOR_2:xor1|   ; 1 (1)               ; 0 (0)                     ; 0           ; 0          ; 0            ; 0       ; 0         ; 0    ; 0            ; 0          ; |DUT|BCD_Sub:add_instance|Add_Sub:Box4|fulladder:FA3|halfadder:half1|XOR_2:xor1 ; XOR_2       ; work         ;
;             |halfadder:half2| ; 1 (0)               ; 0 (0)                     ; 0           ; 0          ; 0            ; 0       ; 0         ; 0    ; 0            ; 0          ; |DUT|BCD_Sub:add_instance|Add_Sub:Box4|fulladder:FA3|halfadder:half2            ; halfadder   ; work         ;
;                |XOR_2:xor1|   ; 1 (1)               ; 0 (0)                     ; 0           ; 0          ; 0            ; 0       ; 0         ; 0    ; 0            ; 0          ; |DUT|BCD_Sub:add_instance|Add_Sub:Box4|fulladder:FA3|halfadder:half2|XOR_2:xor1 ; XOR_2       ; work         ;
;       |NOR_2:NOR1|            ; 1 (1)               ; 0 (0)                     ; 0           ; 0          ; 0            ; 0       ; 0         ; 0    ; 0            ; 0          ; |DUT|BCD_Sub:add_instance|NOR_2:NOR1                                            ; NOR_2       ; work         ;
+-------------------------------+---------------------+---------------------------+-------------+------------+--------------+---------+-----------+------+--------------+------------+---------------------------------------------------------------------------------+-------------+--------------+
Note: For table entries with two numbers listed, the numbers in parentheses indicate the number of resources of the given type used by the specific entity alone. The numbers listed outside of parentheses indicate the total resources of the given type used by the specific entity and all of its sub-entities in the hierarchy.


+------------------------------------------------------+
; General Register Statistics                          ;
+----------------------------------------------+-------+
; Statistic                                    ; Value ;
+----------------------------------------------+-------+
; Total registers                              ; 0     ;
; Number of registers using Synchronous Clear  ; 0     ;
; Number of registers using Synchronous Load   ; 0     ;
; Number of registers using Asynchronous Clear ; 0     ;
; Number of registers using Asynchronous Load  ; 0     ;
; Number of registers using Clock Enable       ; 0     ;
; Number of registers using Preset             ; 0     ;
+----------------------------------------------+-------+


+---------------------------------------------------------------+
; Port Connectivity Checks: "BCD_Sub:add_instance|Add_Sub:Box4" ;
+------+-------+----------+-------------------------------------+
; Port ; Type  ; Severity ; Details                             ;
+------+-------+----------+-------------------------------------+
; a[2] ; Input ; Info     ; Stuck at GND                        ;
; a[0] ; Input ; Info     ; Stuck at GND                        ;
+------+-------+----------+-------------------------------------+


+---------------------------------------------------------------+
; Port Connectivity Checks: "BCD_Sub:add_instance|Add_Sub:Box3" ;
+------+-------+----------+-------------------------------------+
; Port ; Type  ; Severity ; Details                             ;
+------+-------+----------+-------------------------------------+
; b[3] ; Input ; Info     ; Stuck at GND                        ;
; b[0] ; Input ; Info     ; Stuck at GND                        ;
; m    ; Input ; Info     ; Stuck at GND                        ;
+------+-------+----------+-------------------------------------+


+---------------------------------------------------------------+
; Port Connectivity Checks: "BCD_Sub:add_instance|Add_Sub:Box2" ;
+------+-------+----------+-------------------------------------+
; Port ; Type  ; Severity ; Details                             ;
+------+-------+----------+-------------------------------------+
; m    ; Input ; Info     ; Stuck at GND                        ;
+------+-------+----------+-------------------------------------+


+----------------------------------------------------------------------------------------------------------------+
; Port Connectivity Checks: "BCD_Sub:add_instance|Add_Sub:Box1"                                                  ;
+------+--------+----------+-------------------------------------------------------------------------------------+
; Port ; Type   ; Severity ; Details                                                                             ;
+------+--------+----------+-------------------------------------------------------------------------------------+
; a[3] ; Input  ; Info     ; Stuck at VCC                                                                        ;
; a[2] ; Input  ; Info     ; Stuck at GND                                                                        ;
; a[1] ; Input  ; Info     ; Stuck at VCC                                                                        ;
; a[0] ; Input  ; Info     ; Stuck at GND                                                                        ;
; m    ; Input  ; Info     ; Stuck at VCC                                                                        ;
; cout ; Output ; Info     ; Connected to dangling logic. Logic that only feeds a dangling port will be removed. ;
+------+--------+----------+-------------------------------------------------------------------------------------+


+-----------------------------------------------------+
; Post-Synthesis Netlist Statistics for Top Partition ;
+-----------------------+-----------------------------+
; Type                  ; Count                       ;
+-----------------------+-----------------------------+
; boundary_port         ; 13                          ;
; cycloneiii_lcell_comb ; 17                          ;
;     normal            ; 17                          ;
;         2 data inputs ; 3                           ;
;         3 data inputs ; 1                           ;
;         4 data inputs ; 13                          ;
;                       ;                             ;
; Max LUT depth         ; 6.00                        ;
; Average LUT depth     ; 5.36                        ;
+-----------------------+-----------------------------+


+-------------------------------+
; Elapsed Time Per Partition    ;
+----------------+--------------+
; Partition Name ; Elapsed Time ;
+----------------+--------------+
; Top            ; 00:00:00     ;
+----------------+--------------+


+-------------------------------+
; Analysis & Synthesis Messages ;
+-------------------------------+
Info: *******************************************************************
Info: Running Quartus Prime Analysis & Synthesis
    Info: Version 20.1.1 Build 720 11/11/2020 SJ Lite Edition
    Info: Processing started: Fri Aug 26 19:06:15 2022
Info: Command: quartus_map --read_settings_files=on --write_settings_files=off Lab_4 -c Lab_4
Warning (18236): Number of processors has not been specified which may cause overloading on shared machines.  Set the global assignment NUM_PARALLEL_PROCESSORS in your QSF to an appropriate value for best performance.
Info (20030): Parallel compilation is enabled and will use 4 of the 4 processors detected
Info (12021): Found 4 design units, including 2 entities, in source file full_add.vhdl
    Info (12022): Found design unit 1: halfadder-trivial File: D:/ACADEMICS/EE214/Quartus/Projects/Lab_4/Full_add.vhdl Line: 12
    Info (12022): Found design unit 2: fulladder-trivial File: D:/ACADEMICS/EE214/Quartus/Projects/Lab_4/Full_add.vhdl Line: 40
    Info (12023): Found entity 1: halfadder File: D:/ACADEMICS/EE214/Quartus/Projects/Lab_4/Full_add.vhdl Line: 7
    Info (12023): Found entity 2: fulladder File: D:/ACADEMICS/EE214/Quartus/Projects/Lab_4/Full_add.vhdl Line: 35
Info (12021): Found 2 design units, including 1 entities, in source file add_sub.vhd
    Info (12022): Found design unit 1: Add_Sub-Struct File: D:/ACADEMICS/EE214/Quartus/Projects/Lab_4/Add_Sub.vhd Line: 13
    Info (12023): Found entity 1: Add_Sub File: D:/ACADEMICS/EE214/Quartus/Projects/Lab_4/Add_Sub.vhd Line: 6
Info (12021): Found 2 design units, including 1 entities, in source file testbench.vhdl
    Info (12022): Found design unit 1: Testbench-Behave File: D:/ACADEMICS/EE214/Quartus/Projects/Lab_4/Testbench.vhdl Line: 9
    Info (12023): Found entity 1: Testbench File: D:/ACADEMICS/EE214/Quartus/Projects/Lab_4/Testbench.vhdl Line: 7
Info (12021): Found 23 design units, including 11 entities, in source file gates.vhdl
    Info (12022): Found design unit 1: Gates File: D:/ACADEMICS/EE214/Quartus/Projects/Lab_4/Gates.vhdl Line: 7
    Info (12022): Found design unit 2: INVERTER-Equations File: D:/ACADEMICS/EE214/Quartus/Projects/Lab_4/Gates.vhdl Line: 61
    Info (12022): Found design unit 3: AND_2-Equations File: D:/ACADEMICS/EE214/Quartus/Projects/Lab_4/Gates.vhdl Line: 73
    Info (12022): Found design unit 4: AND_3-Equations File: D:/ACADEMICS/EE214/Quartus/Projects/Lab_4/Gates.vhdl Line: 85
    Info (12022): Found design unit 5: NAND_2-Equations File: D:/ACADEMICS/EE214/Quartus/Projects/Lab_4/Gates.vhdl Line: 96
    Info (12022): Found design unit 6: OR_2-Equations File: D:/ACADEMICS/EE214/Quartus/Projects/Lab_4/Gates.vhdl Line: 107
    Info (12022): Found design unit 7: OR_3-Equations File: D:/ACADEMICS/EE214/Quartus/Projects/Lab_4/Gates.vhdl Line: 118
    Info (12022): Found design unit 8: NOR_2-Equations File: D:/ACADEMICS/EE214/Quartus/Projects/Lab_4/Gates.vhdl Line: 129
    Info (12022): Found design unit 9: XOR_2-Equations File: D:/ACADEMICS/EE214/Quartus/Projects/Lab_4/Gates.vhdl Line: 141
    Info (12022): Found design unit 10: XNOR_2-Equations File: D:/ACADEMICS/EE214/Quartus/Projects/Lab_4/Gates.vhdl Line: 152
    Info (12022): Found design unit 11: HALF_ADDER-Equations File: D:/ACADEMICS/EE214/Quartus/Projects/Lab_4/Gates.vhdl Line: 163
    Info (12022): Found design unit 12: GT_9-Equations File: D:/ACADEMICS/EE214/Quartus/Projects/Lab_4/Gates.vhdl Line: 175
    Info (12023): Found entity 1: INVERTER File: D:/ACADEMICS/EE214/Quartus/Projects/Lab_4/Gates.vhdl Line: 57
    Info (12023): Found entity 2: AND_2 File: D:/ACADEMICS/EE214/Quartus/Projects/Lab_4/Gates.vhdl Line: 69
    Info (12023): Found entity 3: AND_3 File: D:/ACADEMICS/EE214/Quartus/Projects/Lab_4/Gates.vhdl Line: 81
    Info (12023): Found entity 4: NAND_2 File: D:/ACADEMICS/EE214/Quartus/Projects/Lab_4/Gates.vhdl Line: 92
    Info (12023): Found entity 5: OR_2 File: D:/ACADEMICS/EE214/Quartus/Projects/Lab_4/Gates.vhdl Line: 103
    Info (12023): Found entity 6: OR_3 File: D:/ACADEMICS/EE214/Quartus/Projects/Lab_4/Gates.vhdl Line: 114
    Info (12023): Found entity 7: NOR_2 File: D:/ACADEMICS/EE214/Quartus/Projects/Lab_4/Gates.vhdl Line: 125
    Info (12023): Found entity 8: XOR_2 File: D:/ACADEMICS/EE214/Quartus/Projects/Lab_4/Gates.vhdl Line: 137
    Info (12023): Found entity 9: XNOR_2 File: D:/ACADEMICS/EE214/Quartus/Projects/Lab_4/Gates.vhdl Line: 148
    Info (12023): Found entity 10: HALF_ADDER File: D:/ACADEMICS/EE214/Quartus/Projects/Lab_4/Gates.vhdl Line: 159
    Info (12023): Found entity 11: GT_9 File: D:/ACADEMICS/EE214/Quartus/Projects/Lab_4/Gates.vhdl Line: 171
Info (12021): Found 2 design units, including 1 entities, in source file dut.vhdl
    Info (12022): Found design unit 1: DUT-DutWrap File: D:/ACADEMICS/EE214/Quartus/Projects/Lab_4/DUT.vhdl Line: 12
    Info (12023): Found entity 1: DUT File: D:/ACADEMICS/EE214/Quartus/Projects/Lab_4/DUT.vhdl Line: 7
Info (12021): Found 2 design units, including 1 entities, in source file lab_4.vhd
    Info (12022): Found design unit 1: BCD_Sub-Struct File: D:/ACADEMICS/EE214/Quartus/Projects/Lab_4/Lab_4.vhd Line: 13
    Info (12023): Found entity 1: BCD_Sub File: D:/ACADEMICS/EE214/Quartus/Projects/Lab_4/Lab_4.vhd Line: 6
Info (12127): Elaborating entity "DUT" for the top level hierarchy
Info (12128): Elaborating entity "BCD_Sub" for hierarchy "BCD_Sub:add_instance" File: D:/ACADEMICS/EE214/Quartus/Projects/Lab_4/DUT.vhdl Line: 23
Info (12128): Elaborating entity "Add_Sub" for hierarchy "BCD_Sub:add_instance|Add_Sub:Box1" File: D:/ACADEMICS/EE214/Quartus/Projects/Lab_4/Lab_4.vhd Line: 33
Info (12128): Elaborating entity "XOR_2" for hierarchy "BCD_Sub:add_instance|Add_Sub:Box1|XOR_2:XOR0" File: D:/ACADEMICS/EE214/Quartus/Projects/Lab_4/Add_Sub.vhd Line: 27
Info (12129): Elaborating entity "fulladder" using architecture "A:trivial" for hierarchy "BCD_Sub:add_instance|Add_Sub:Box1|fulladder:FA0" File: D:/ACADEMICS/EE214/Quartus/Projects/Lab_4/Add_Sub.vhd Line: 34
Info (12129): Elaborating entity "halfadder" using architecture "A:trivial" for hierarchy "BCD_Sub:add_instance|Add_Sub:Box1|fulladder:FA0|halfadder:half1" File: D:/ACADEMICS/EE214/Quartus/Projects/Lab_4/Full_add.vhdl Line: 56
Info (12129): Elaborating entity "AND_2" using architecture "A:equations" for hierarchy "BCD_Sub:add_instance|Add_Sub:Box1|fulladder:FA0|halfadder:half1|AND_2:and1" File: D:/ACADEMICS/EE214/Quartus/Projects/Lab_4/Full_add.vhdl Line: 22
Info (12129): Elaborating entity "XOR_2" using architecture "A:equations" for hierarchy "BCD_Sub:add_instance|Add_Sub:Box1|fulladder:FA0|halfadder:half1|XOR_2:xor1" File: D:/ACADEMICS/EE214/Quartus/Projects/Lab_4/Full_add.vhdl Line: 25
Info (12129): Elaborating entity "OR_2" using architecture "A:equations" for hierarchy "BCD_Sub:add_instance|Add_Sub:Box1|fulladder:FA0|OR_2:or1" File: D:/ACADEMICS/EE214/Quartus/Projects/Lab_4/Full_add.vhdl Line: 62
Info (12128): Elaborating entity "GT_9" for hierarchy "BCD_Sub:add_instance|GT_9:GT9" File: D:/ACADEMICS/EE214/Quartus/Projects/Lab_4/Lab_4.vhd Line: 40
Info (12128): Elaborating entity "OR_2" for hierarchy "BCD_Sub:add_instance|OR_2:OR1" File: D:/ACADEMICS/EE214/Quartus/Projects/Lab_4/Lab_4.vhd Line: 41
Info (12128): Elaborating entity "NOR_2" for hierarchy "BCD_Sub:add_instance|NOR_2:NOR1" File: D:/ACADEMICS/EE214/Quartus/Projects/Lab_4/Lab_4.vhd Line: 44
Info (286030): Timing-Driven Synthesis is running
Info (16010): Generating hard_block partition "hard_block:auto_generated_inst"
    Info (16011): Adding 0 node(s), including 0 DDIO, 0 PLL, 0 transceiver and 0 LCELL
Info (21057): Implemented 30 device resources after synthesis - the final resource count might be different
    Info (21058): Implemented 8 input pins
    Info (21059): Implemented 5 output pins
    Info (21061): Implemented 17 logic cells
Info: Quartus Prime Analysis & Synthesis was successful. 0 errors, 1 warning
    Info: Peak virtual memory: 4781 megabytes
    Info: Processing ended: Fri Aug 26 19:06:23 2022
    Info: Elapsed time: 00:00:08
    Info: Total CPU time (on all processors): 00:00:18


